<?xml version="1.0" encoding="UTF-8"?>
<!-- Generated by org.testng.reporters.JUnitReportReporter -->
<testsuite hostname="MGTECHLPT311" failures="0" tests="2" name="testRunner.TestNgRunner" time="17.241" errors="0" timestamp="2023-07-10T10:33:29 IST" skipped="0">
  <testcase classname="testRunner.TestNgRunner" name="runScenario" time="8.641"/>
  <system-out/>
  <testcase classname="testRunner.TestNgRunner" name="runScenario" time="8.600"/>
  <system-out/>
</testsuite> <!-- testRunner.TestNgRunner -->
