<?xml version="1.0" encoding="UTF-8"?>
<!-- Generated by org.testng.reporters.JUnitReportReporter -->
<testsuite hostname="MGTECHLPT311" failures="0" tests="2" name="testRunner.TestNgRunner" time="0.500" errors="2" timestamp="2023-07-09T23:40:37 IST" skipped="0">
  <testcase classname="testRunner.TestNgRunner" name="runScenario" time="0.250">
    <error type="java.lang.NullPointerException">
      <![CDATA[java.lang.NullPointerException
at com.DriverFactory.DriverFactory.init_driver(DriverFactory.java:58)
at ApplicationHooks.Hooks.launchBrowser(Hooks.java:41)
]]>
    </error>
  </testcase> <!-- runScenario -->
  <system-out/>
  <testcase classname="testRunner.TestNgRunner" name="runScenario" time="0.250">
    <error type="java.lang.NullPointerException">
      <![CDATA[java.lang.NullPointerException
at com.DriverFactory.DriverFactory.init_driver(DriverFactory.java:58)
at ApplicationHooks.Hooks.launchBrowser(Hooks.java:41)
]]>
    </error>
  </testcase> <!-- runScenario -->
  <system-out/>
</testsuite> <!-- testRunner.TestNgRunner -->
